<?xml version="1.0" encoding="UTF-8"?>
<testsuite name="org.opendaylight.controller.sample.toaster.it.ToasterTest" time="79.689" tests="1" errors="1" skipped="0" failures="0">
  <properties>
[...]
</properties>
  <testcase name="testToaster" classname="org.opendaylight.controller.sample.toaster.it.ToasterTest" time="79.689">
    <error message="org.opendaylight.yangtools.yang.binding.YangModelBindingProvider: Provider org.opendaylight.yang.gen.v1.urn.ietf.params.xml.ns.yang.ietf.yang.types.rev100924.$YangModelBindingProvider not a subtype" type="java.util.ServiceConfigurationError">java.util.ServiceConfigurationError: org.opendaylight.yangtools.yang.binding.YangModelBindingProvider: Provider org.opendaylight.yang.gen.v1.urn.ietf.params.xml.ns.yang.ietf.yang.types.rev100924.$YangModelBindingProvider not a subtype
	at java.util.ServiceLoader.fail(ServiceLoader.java:231)
	at java.util.ServiceLoader.access$300(ServiceLoader.java:181)
	at java.util.ServiceLoader$LazyIterator.next(ServiceLoader.java:369)
	at java.util.ServiceLoader$1.next(ServiceLoader.java:445)
	at org.opendaylight.yangtools.yang.binding.util.BindingReflections.loadModuleInfos(BindingReflections.java:347)
	at org.opendaylight.yangtools.yang.binding.util.BindingReflections.loadModuleInfos(BindingReflections.java:324)
	at org.opendaylight.controller.sample.toaster.it.ToasterTest.getSchemaContext(ToasterTest.java:109)
	at org.opendaylight.controller.sample.toaster.it.ToasterTest.setup(ToasterTest.java:117)
	at org.opendaylight.controller.sample.toaster.it.ToasterTest.testToaster(ToasterTest.java:140)
</error>
    <system-out>org.ops4j.pax.logging.pax-logging-api[org.ops4j.pax.logging.internal.Activator] : Enabling SLF4J API support.
org.ops4j.pax.logging.pax-logging-api[org.ops4j.pax.logging.internal.Activator] : Enabling Jakarta Commons Logging API support.
org.ops4j.pax.logging.pax-logging-api[org.ops4j.pax.logging.internal.Activator] : Enabling Log4J API support.
org.ops4j.pax.logging.pax-logging-api[org.ops4j.pax.logging.internal.Activator] : Enabling Avalon Logger API support.
org.ops4j.pax.logging.pax-logging-api[org.ops4j.pax.logging.internal.Activator] : Enabling JULI Logger API support.
Test Starts
Got the toaster t:Toaster [_toasterManufacturer=DisplayString [_value=Opendaylight], _toasterModelNumber=DisplayString [_value=Model 1 - Binding Aware], _toasterStatus=Up, augmentation=[]]
Building context
20:42:50.331 [System Bundle Shutdown] ERROR o.o.c.c.m.i.d.DestroyedModule - Error while closing instance of ModuleIdentifier{factoryName='toaster-provider-impl', instanceName='toaster-provider-impl'}
java.lang.IllegalStateException: Transaction factory was closed. No further operations allowed.
	at com.google.common.base.Preconditions.checkState(Preconditions.java:149) ~[bundlefile:na]
	at org.opendaylight.controller.md.sal.dom.broker.impl.AbstractDOMForwardedTransactionFactory.checkNotClosed(AbstractDOMForwardedTransactionFactory.java:214) ~[sal-broker-impl-1.1-SNAPSHOT.jar:na]
	at org.opendaylight.controller.md.sal.dom.broker.impl.AbstractDOMForwardedTransactionFactory.newWriteOnlyTransaction(AbstractDOMForwardedTransactionFactory.java:128) ~[sal-broker-impl-1.1-SNAPSHOT.jar:na]
	at org.opendaylight.controller.sal.dom.broker.osgi.DOMDataBrokerProxy.newWriteOnlyTransaction(DOMDataBrokerProxy.java:33) ~[sal-broker-impl-1.1-SNAPSHOT.jar:na]
	at org.opendaylight.controller.md.sal.binding.impl.ForwardedBindingDataBroker.newWriteOnlyTransaction(ForwardedBindingDataBroker.java:50) ~[sal-binding-broker-impl-1.1-SNAPSHOT.jar:na]
	at org.opendaylight.controller.sample.toaster.provider.OpendaylightToaster.close(OpendaylightToaster.java:103) ~[sample-toaster-provider-1.1-SNAPSHOT.jar:na]
	at org.opendaylight.controller.config.yang.config.toaster_provider.impl.ToasterProviderModule$1AutoCloseableToaster.close(ToasterProviderModule.java:79) ~[sample-toaster-provider-1.1-SNAPSHOT.jar:na]
	at org.opendaylight.controller.config.manager.impl.dependencyresolver.DestroyedModule.close(DestroyedModule.java:48) ~[bundlefile:na]
	at org.opendaylight.controller.config.manager.impl.ConfigRegistryImpl.close(ConfigRegistryImpl.java:440) [bundlefile:na]
	at org.opendaylight.controller.config.manager.impl.util.OsgiRegistrationUtil$4.close(OsgiRegistrationUtil.java:82) [bundlefile:na]
	at org.opendaylight.controller.config.manager.impl.osgi.ConfigManagerActivator.stop(ConfigManagerActivator.java:88) [bundlefile:na]
	at org.eclipse.osgi.framework.internal.core.BundleContextImpl$2.run(BundleContextImpl.java:771) [org.eclipse.osgi-3.8.1.v20120830-144521.jar:na]
	at java.security.AccessController.doPrivileged(Native Method) [na:1.7.0_55]
	at org.eclipse.osgi.framework.internal.core.BundleContextImpl.stop(BundleContextImpl.java:764) [org.eclipse.osgi-3.8.1.v20120830-144521.jar:na]
	at org.eclipse.osgi.framework.internal.core.BundleHost.stopWorker(BundleHost.java:510) [org.eclipse.osgi-3.8.1.v20120830-144521.jar:na]
	at org.eclipse.osgi.framework.internal.core.AbstractBundle.suspend(AbstractBundle.java:566) [org.eclipse.osgi-3.8.1.v20120830-144521.jar:na]
	at org.eclipse.osgi.framework.internal.core.Framework.suspendBundle(Framework.java:1206) [org.eclipse.osgi-3.8.1.v20120830-144521.jar:na]
	at org.eclipse.osgi.framework.internal.core.StartLevelManager.decFWSL(StartLevelManager.java:592) [org.eclipse.osgi-3.8.1.v20120830-144521.jar:na]
	at org.eclipse.osgi.framework.internal.core.StartLevelManager.doSetStartLevel(StartLevelManager.java:257) [org.eclipse.osgi-3.8.1.v20120830-144521.jar:na]
	at org.eclipse.osgi.framework.internal.core.StartLevelManager.shutdown(StartLevelManager.java:215) [org.eclipse.osgi-3.8.1.v20120830-144521.jar:na]
	at org.eclipse.osgi.framework.internal.core.InternalSystemBundle.suspend(InternalSystemBundle.java:284) [org.eclipse.osgi-3.8.1.v20120830-144521.jar:na]
	at org.eclipse.osgi.framework.internal.core.Framework.shutdown(Framework.java:692) [org.eclipse.osgi-3.8.1.v20120830-144521.jar:na]
	at org.eclipse.osgi.framework.internal.core.Framework.close(Framework.java:600) [org.eclipse.osgi-3.8.1.v20120830-144521.jar:na]
	at org.eclipse.osgi.framework.internal.core.InternalSystemBundle$1.run(InternalSystemBundle.java:261) [org.eclipse.osgi-3.8.1.v20120830-144521.jar:na]
	at java.lang.Thread.run(Thread.java:744) [na:1.7.0_55]
org.ops4j.pax.logging.pax-logging-api[org.ops4j.pax.logging.internal.Activator] : Disabling SLF4J API support.
org.ops4j.pax.logging.pax-logging-api[org.ops4j.pax.logging.internal.Activator] : Disabling Jakarta Commons Logging API support.
org.ops4j.pax.logging.pax-logging-api[org.ops4j.pax.logging.internal.Activator] : Disabling Log4J API support.
org.ops4j.pax.logging.pax-logging-api[org.ops4j.pax.logging.internal.Activator] : Disabling Avalon Logger API support.
org.ops4j.pax.logging.pax-logging-api[org.ops4j.pax.logging.internal.Activator] : Disabling JULI Logger API support.
</system-out>
  </testcase>
</testsuite>